<?xml version="1.0" encoding="UTF-8"?>
<testng-results skipped="0" failed="0" ignored="0" total="1" passed="1">
  <reporter-output>
  </reporter-output>
  <suite name="Myntra Suite" duration-ms="10584" started-at="2023-01-13T10:22:25 IST" finished-at="2023-01-13T10:22:35 IST">
    <groups>
    </groups>
    <test name="Test" duration-ms="10584" started-at="2023-01-13T10:22:25 IST" finished-at="2023-01-13T10:22:35 IST">
      <class name="tesecases.VerifyMyntraSite">
        <test-method status="PASS" signature="browserSetUp()[pri:0, instance:tesecases.VerifyMyntraSite@19bb07ed]" name="browserSetUp" is-config="true" duration-ms="10389" started-at="2023-01-13T10:22:14 IST" finished-at="2023-01-13T10:22:25 IST">
          <reporter-output>
          </reporter-output>
        </test-method> <!-- browserSetUp -->
        <test-method status="PASS" signature="reportConfiguration()[pri:0, instance:tesecases.VerifyMyntraSite@19bb07ed]" name="reportConfiguration" is-config="true" duration-ms="368" started-at="2023-01-13T10:22:25 IST" finished-at="2023-01-13T10:22:25 IST">
          <reporter-output>
          </reporter-output>
        </test-method> <!-- reportConfiguration -->
        <test-method status="PASS" signature="Myntra(java.util.Hashtable)[pri:0, instance:tesecases.VerifyMyntraSite@19bb07ed]" name="Myntra" duration-ms="7684" started-at="2023-01-13T10:22:26 IST" data-provider="dataProvider" finished-at="2023-01-13T10:22:34 IST">
          <params>
            <param index="0">
              <value>
                <![CDATA[{ExpectedTitle=Online Shopping for Women, Men, Kids Fashion & Lifestyle - Myntra}]]>
              </value>
            </param>
          </params>
          <reporter-output>
          </reporter-output>
        </test-method> <!-- Myntra -->
        <test-method status="PASS" signature="flushReport()[pri:0, instance:tesecases.VerifyMyntraSite@19bb07ed]" name="flushReport" is-config="true" duration-ms="908" started-at="2023-01-13T10:22:34 IST" finished-at="2023-01-13T10:22:35 IST">
          <reporter-output>
          </reporter-output>
        </test-method> <!-- flushReport -->
        <test-method status="PASS" signature="quitBrowser()[pri:0, instance:tesecases.VerifyMyntraSite@19bb07ed]" name="quitBrowser" is-config="true" duration-ms="1010" started-at="2023-01-13T10:22:35 IST" finished-at="2023-01-13T10:22:36 IST">
          <reporter-output>
          </reporter-output>
        </test-method> <!-- quitBrowser -->
      </class> <!-- tesecases.VerifyMyntraSite -->
    </test> <!-- Test -->
  </suite> <!-- Myntra Suite -->
</testng-results>
